2020-06-01 16:50:15,377 INFO o.a.j.u.JMeterUtils: Setting Locale to en_EN
2020-06-01 16:50:15,421 INFO o.a.j.JMeter: Loading user properties from: /usr/local/Cellar/jmeter/5.3/bin/user.properties
2020-06-01 16:50:15,422 INFO o.a.j.JMeter: Loading system properties from: /usr/local/Cellar/jmeter/5.3/bin/system.properties
2020-06-01 16:50:15,424 INFO o.a.j.JMeter: Copyright (c) 1998-2020 The Apache Software Foundation
2020-06-01 16:50:15,424 INFO o.a.j.JMeter: Version 5.3
2020-06-01 16:50:15,425 INFO o.a.j.JMeter: java.version=10.0.1
2020-06-01 16:50:15,425 INFO o.a.j.JMeter: java.vm.name=Java HotSpot(TM) 64-Bit Server VM
2020-06-01 16:50:15,425 INFO o.a.j.JMeter: os.name=Mac OS X
2020-06-01 16:50:15,425 INFO o.a.j.JMeter: os.arch=x86_64
2020-06-01 16:50:15,425 INFO o.a.j.JMeter: os.version=10.14.6
2020-06-01 16:50:15,425 INFO o.a.j.JMeter: file.encoding=UTF-8
2020-06-01 16:50:15,425 INFO o.a.j.JMeter: java.awt.headless=null
2020-06-01 16:50:15,425 INFO o.a.j.JMeter: Max memory     =1073741824
2020-06-01 16:50:15,426 INFO o.a.j.JMeter: Available Processors =8
2020-06-01 16:50:15,439 INFO o.a.j.JMeter: Default Locale=English (EN)
2020-06-01 16:50:15,440 INFO o.a.j.JMeter: JMeter  Locale=English (EN)
2020-06-01 16:50:15,440 INFO o.a.j.JMeter: JMeterHome=/usr/local/Cellar/jmeter/5.3
2020-06-01 16:50:15,440 INFO o.a.j.JMeter: user.dir  =/Users/carlos/Documents/blogs
2020-06-01 16:50:15,440 INFO o.a.j.JMeter: PWD       =/Users/carlos/Documents/blogs
2020-06-01 16:50:15,442 INFO o.a.j.JMeter: IP: 192.168.1.3 Name: WITSC02W6082HTD FullName: 192.168.1.3
