2020-01-14 10:01:33,331 INFO o.a.j.u.JMeterUtils: Setting Locale to en_EN
2020-01-14 10:01:33,373 INFO o.a.j.JMeter: Loading user properties from: /usr/local/Cellar/jmeter/5.2/bin/user.properties
2020-01-14 10:01:33,375 INFO o.a.j.JMeter: Loading system properties from: /usr/local/Cellar/jmeter/5.2/bin/system.properties
2020-01-14 10:01:33,377 INFO o.a.j.JMeter: Copyright (c) 1998-2019 The Apache Software Foundation
2020-01-14 10:01:33,378 INFO o.a.j.JMeter: Version 5.2
2020-01-14 10:01:33,378 INFO o.a.j.JMeter: java.version=9.0.4
2020-01-14 10:01:33,378 INFO o.a.j.JMeter: java.vm.name=Java HotSpot(TM) 64-Bit Server VM
2020-01-14 10:01:33,378 INFO o.a.j.JMeter: os.name=Mac OS X
2020-01-14 10:01:33,378 INFO o.a.j.JMeter: os.arch=x86_64
2020-01-14 10:01:33,378 INFO o.a.j.JMeter: os.version=10.14.6
2020-01-14 10:01:33,378 INFO o.a.j.JMeter: file.encoding=UTF-8
2020-01-14 10:01:33,378 INFO o.a.j.JMeter: java.awt.headless=null
2020-01-14 10:01:33,379 INFO o.a.j.JMeter: Max memory     =1073741824
2020-01-14 10:01:33,379 INFO o.a.j.JMeter: Available Processors =8
2020-01-14 10:01:33,388 INFO o.a.j.JMeter: Default Locale=English (EN)
2020-01-14 10:01:33,389 INFO o.a.j.JMeter: JMeter  Locale=English (EN)
2020-01-14 10:01:33,389 INFO o.a.j.JMeter: JMeterHome=/usr/local/Cellar/jmeter/5.2
2020-01-14 10:01:33,389 INFO o.a.j.JMeter: user.dir  =/Users/carlos/Documents/blogs/blog3
2020-01-14 10:01:33,389 INFO o.a.j.JMeter: PWD       =/Users/carlos/Documents/blogs/blog3
2020-01-14 10:01:33,392 INFO o.a.j.JMeter: IP: 10.22.167.44 Name: WITSC02W6082HTD FullName: witsc02w6082htd.wks.jnj.com
2020-01-14 10:01:35,569 INFO o.a.j.g.a.LookAndFeelCommand: Installing Darcula LAF
2020-01-14 10:01:35,578 INFO o.a.j.g.a.LookAndFeelCommand: Using look and feel: com.apple.laf.AquaLookAndFeel [Darcula]
2020-01-14 10:01:35,578 INFO o.a.j.JMeter: Setting LAF to: com.apple.laf.AquaLookAndFeel
2020-01-14 10:01:35,584 INFO o.a.j.JMeter: Loaded icon properties from org/apache/jmeter/images/icon.properties
2020-01-14 10:01:36,643 INFO o.j.r.JARSourceHTTP: Requesting https://jmeter-plugins.org/repo/?installID=mac_os_x-6249038f401352819763bb49b326df54-gui
2020-01-14 10:01:37,694 INFO o.j.r.PluginManager: Plugins Status: [jpgc-graphs-basic=2.0, jpgc-graphs-additional=2.0, jpgc-graphs-composite=2.0, jpgc-casutg=2.9, jpgc-dummy=0.4, jpgc-filterresults=2.2, jpgc-graphs-vs=2.0, jpgc-mergeresults=2.1, jpgc-plugins-manager=1.3, jpgc-webdriver=3.1, jpgc-synthesis=2.2, jpgc-tst=2.5, jmeter-core=5.2, jmeter-ftp=5.2, jmeter-http=5.2, jmeter-jdbc=5.2, jmeter-jms=5.2, jmeter-junit=5.2, jmeter-java=5.2, jmeter-ldap=5.2, jmeter-mail=5.2, jmeter-mongodb=5.2, jmeter-native=5.2, jmeter-tcp=5.2, jmeter-components=5.2]
2020-01-14 10:01:38,381 WARN o.a.j.g.ObjectTableModel: Header count=13 but classes count=11
2020-01-14 10:01:38,381 WARN o.a.j.g.ObjectTableModel: Header count=13 but writeFunctor count=11
2020-01-14 10:01:39,343 INFO o.a.j.p.h.s.HTTPSamplerBase: Parser for text/html is org.apache.jmeter.protocol.http.parser.LagartoBasedHtmlParser
2020-01-14 10:01:39,343 INFO o.a.j.p.h.s.HTTPSamplerBase: Parser for application/xhtml+xml is org.apache.jmeter.protocol.http.parser.LagartoBasedHtmlParser
2020-01-14 10:01:39,343 INFO o.a.j.p.h.s.HTTPSamplerBase: Parser for application/xml is org.apache.jmeter.protocol.http.parser.LagartoBasedHtmlParser
2020-01-14 10:01:39,344 INFO o.a.j.p.h.s.HTTPSamplerBase: Parser for text/xml is org.apache.jmeter.protocol.http.parser.LagartoBasedHtmlParser
2020-01-14 10:01:39,344 INFO o.a.j.p.h.s.HTTPSamplerBase: Parser for text/vnd.wap.wml is org.apache.jmeter.protocol.http.parser.RegexpHTMLParser
2020-01-14 10:01:39,344 INFO o.a.j.p.h.s.HTTPSamplerBase: Parser for text/css is org.apache.jmeter.protocol.http.parser.CssParser
2020-01-14 10:01:39,878 INFO o.a.j.e.KeyToolUtils: keytool found at 'keytool'
2020-01-14 10:01:39,879 INFO o.a.j.p.h.p.ProxyControl: HTTP(S) Test Script Recorder SSL Proxy will use keys that support embedded 3rd party resources in file /usr/local/Cellar/jmeter/5.2/bin/proxyserver.jks
2020-01-14 10:01:40,043 INFO o.a.j.s.FileServer: Default base='/Users/carlos/Documents/blogs/blog3'
2020-01-14 10:01:40,466 INFO o.a.j.s.SampleResult: Note: Sample TimeStamps are START times
2020-01-14 10:01:40,466 INFO o.a.j.s.SampleResult: sampleresult.default.encoding is set to ISO-8859-1
2020-01-14 10:01:40,466 INFO o.a.j.s.SampleResult: sampleresult.useNanoTime=true
2020-01-14 10:01:40,466 INFO o.a.j.s.SampleResult: sampleresult.nanoThreadSleep=5000
2020-01-14 10:02:01,617 INFO o.a.j.g.a.Load: Loading file: /Users/carlos/PerfTest/sandbox/ex_ArrivalRateOptions.jmx
2020-01-14 10:02:01,617 INFO o.a.j.s.FileServer: Set new base='/Users/carlos/PerfTest/sandbox'
2020-01-14 10:02:01,775 INFO o.a.j.s.SaveService: Testplan (JMX) version: 2.2. Testlog (JTL) version: 2.2
2020-01-14 10:02:01,783 INFO o.a.j.s.SaveService: Using SaveService properties version 5.0
2020-01-14 10:02:01,785 INFO o.a.j.s.SaveService: Using SaveService properties file encoding UTF-8
2020-01-14 10:02:01,787 INFO o.a.j.s.SaveService: Loading file: /Users/carlos/PerfTest/sandbox/ex_ArrivalRateOptions.jmx
2020-01-14 10:02:02,099 INFO o.a.j.e.u.CompoundVariable: Note: Function class names must contain the string: '.functions.'
2020-01-14 10:02:02,100 INFO o.a.j.e.u.CompoundVariable: Note: Function class names must not contain the string: '.gui.'
2020-01-14 10:02:03,029 INFO o.a.j.s.FileServer: Set new base='/Users/carlos/PerfTest/sandbox'
