2020-07-27 17:05:38,532 INFO o.a.j.u.JMeterUtils: Setting Locale to en_EN
2020-07-27 17:05:38,572 INFO o.a.j.JMeter: Loading user properties from: /usr/local/Cellar/jmeter/5.3/bin/user.properties
2020-07-27 17:05:38,573 INFO o.a.j.JMeter: Loading system properties from: /usr/local/Cellar/jmeter/5.3/bin/system.properties
2020-07-27 17:05:38,576 INFO o.a.j.JMeter: Copyright (c) 1998-2020 The Apache Software Foundation
2020-07-27 17:05:38,576 INFO o.a.j.JMeter: Version 5.3
2020-07-27 17:05:38,576 INFO o.a.j.JMeter: java.version=11.0.4
2020-07-27 17:05:38,577 INFO o.a.j.JMeter: java.vm.name=Java HotSpot(TM) 64-Bit Server VM
2020-07-27 17:05:38,577 INFO o.a.j.JMeter: os.name=Mac OS X
2020-07-27 17:05:38,577 INFO o.a.j.JMeter: os.arch=x86_64
2020-07-27 17:05:38,577 INFO o.a.j.JMeter: os.version=10.14.6
2020-07-27 17:05:38,577 INFO o.a.j.JMeter: file.encoding=UTF-8
2020-07-27 17:05:38,577 INFO o.a.j.JMeter: java.awt.headless=null
2020-07-27 17:05:38,577 INFO o.a.j.JMeter: Max memory     =1073741824
2020-07-27 17:05:38,578 INFO o.a.j.JMeter: Available Processors =8
2020-07-27 17:05:38,589 INFO o.a.j.JMeter: Default Locale=English (EN)
2020-07-27 17:05:38,590 INFO o.a.j.JMeter: JMeter  Locale=English (EN)
2020-07-27 17:05:38,590 INFO o.a.j.JMeter: JMeterHome=/usr/local/Cellar/jmeter/5.3
2020-07-27 17:05:38,590 INFO o.a.j.JMeter: user.dir  =/Users/carlos/Documents/blogs/blog8
2020-07-27 17:05:38,590 INFO o.a.j.JMeter: PWD       =/Users/carlos/Documents/blogs/blog8
2020-07-27 17:05:38,608 INFO o.a.j.JMeter: IP: 192.168.0.131 Name: WITSC02W6082HTD FullName: 192.168.0.131
2020-07-27 17:05:39,298 INFO o.a.j.JMeter: Setting LAF to: laf:com.apple.laf.AquaLookAndFeel
2020-07-27 17:05:40,987 INFO o.a.j.JMeter: Loaded icon properties from org/apache/jmeter/images/icon.properties
2020-07-27 17:05:43,020 INFO o.j.r.JARSourceHTTP: Requesting https://jmeter-plugins.org/repo/?installID=mac_os_x-3c2900786990ee19bd203152681a5181-gui
2020-07-27 17:05:44,052 INFO o.j.r.PluginManager: Plugins Status: [jpgc-graphs-basic=2.0, jpgc-graphs-additional=2.0, jpgc-graphs-composite=2.0, jpgc-functions=2.1, jpgc-casutg=2.9, jpgc-dummy=0.4, jmeter.backendlistener.elasticsearch=2.7.0, jpgc-filterresults=2.2, jpgc-graphs-vs=2.0, jpgc-mergeresults=2.1, jpgc-plugins-manager=1.4, bzm-random-csv=0.6, jpgc-synthesis=2.2, jpgc-tst=2.5, jpgc-wsc=0.7, jmeter-core=5.3, jmeter-ftp=5.3, jmeter-http=5.3, jmeter-jdbc=5.3, jmeter-jms=5.3, jmeter-junit=5.3, jmeter-java=5.3, jmeter-ldap=5.3, jmeter-mail=5.3, jmeter-mongodb=5.3, jmeter-native=5.3, jmeter-tcp=5.3, jmeter-components=5.3]
2020-07-27 17:05:44,602 WARN o.a.j.g.ObjectTableModel: Header count=13 but classes count=11
2020-07-27 17:05:44,604 WARN o.a.j.g.ObjectTableModel: Header count=13 but writeFunctor count=11
2020-07-27 17:05:49,224 INFO o.a.j.s.FileServer: Default base='/Users/carlos/Documents/blogs/blog8'
2020-07-27 17:05:49,269 INFO o.a.j.g.a.Load: Loading file: /Users/carlos/Documents/blogs/blog8/DynamicTemplates.jmx
2020-07-27 17:05:49,269 INFO o.a.j.s.FileServer: Set new base='/Users/carlos/Documents/blogs/blog8'
2020-07-27 17:05:49,434 INFO o.a.j.s.SaveService: Testplan (JMX) version: 2.2. Testlog (JTL) version: 2.2
2020-07-27 17:05:49,450 INFO o.a.j.s.SaveService: Using SaveService properties version 5.0
2020-07-27 17:05:49,452 INFO o.a.j.s.SaveService: Using SaveService properties file encoding UTF-8
2020-07-27 17:05:49,453 INFO o.a.j.s.SaveService: Loading file: /Users/carlos/Documents/blogs/blog8/DynamicTemplates.jmx
2020-07-27 17:05:49,639 INFO o.a.j.p.h.s.HTTPSamplerBase: Parser for text/html is org.apache.jmeter.protocol.http.parser.LagartoBasedHtmlParser
2020-07-27 17:05:49,639 INFO o.a.j.p.h.s.HTTPSamplerBase: Parser for application/xhtml+xml is org.apache.jmeter.protocol.http.parser.LagartoBasedHtmlParser
2020-07-27 17:05:49,640 INFO o.a.j.p.h.s.HTTPSamplerBase: Parser for application/xml is org.apache.jmeter.protocol.http.parser.LagartoBasedHtmlParser
2020-07-27 17:05:49,640 INFO o.a.j.p.h.s.HTTPSamplerBase: Parser for text/xml is org.apache.jmeter.protocol.http.parser.LagartoBasedHtmlParser
2020-07-27 17:05:49,640 INFO o.a.j.p.h.s.HTTPSamplerBase: Parser for text/vnd.wap.wml is org.apache.jmeter.protocol.http.parser.RegexpHTMLParser
2020-07-27 17:05:49,640 INFO o.a.j.p.h.s.HTTPSamplerBase: Parser for text/css is org.apache.jmeter.protocol.http.parser.CssParser
2020-07-27 17:05:49,843 INFO o.a.j.s.FileServer: Set new base='/Users/carlos/Documents/blogs/blog8'
2020-07-28 15:11:54,058 INFO o.a.j.e.StandardJMeterEngine: Running the test!
2020-07-28 15:11:54,062 INFO o.a.j.s.SampleEvent: List of sample_variables: []
2020-07-28 15:11:54,062 INFO o.a.j.s.SampleEvent: List of sample_variables: []
2020-07-28 15:11:54,065 INFO o.a.j.e.u.CompoundVariable: Note: Function class names must contain the string: '.functions.'
2020-07-28 15:11:54,065 INFO o.a.j.e.u.CompoundVariable: Note: Function class names must not contain the string: '.gui.'
2020-07-28 15:11:54,464 INFO o.a.j.g.u.JMeterMenuBar: setRunning(true, *local*)
2020-07-28 15:11:54,654 INFO o.a.j.e.StandardJMeterEngine: Starting ThreadGroup: 1 : Thread Group
2020-07-28 15:11:54,655 INFO o.a.j.e.StandardJMeterEngine: Starting 1 threads for group Thread Group.
2020-07-28 15:11:54,655 INFO o.a.j.e.StandardJMeterEngine: Thread will continue on error
2020-07-28 15:11:54,655 INFO o.a.j.t.ThreadGroup: Starting thread group... number=1 threads=1 ramp-up=1 delayedStart=false
2020-07-28 15:11:54,663 INFO o.a.j.t.ThreadGroup: Started thread group number 1
2020-07-28 15:11:54,663 INFO o.a.j.e.StandardJMeterEngine: All thread groups have been started
2020-07-28 15:11:54,664 INFO o.a.j.t.JMeterThread: Thread started: Thread Group 1-1
2020-07-28 15:11:54,688 INFO o.a.j.p.h.s.HTTPHCAbstractImpl: Local host = WITSC02W6082HTD
2020-07-28 15:11:54,697 INFO o.a.j.p.h.s.HTTPHC4Impl: HTTP request retry count = 0
2020-07-28 15:11:54,698 INFO o.a.j.s.SampleResult: Note: Sample TimeStamps are START times
2020-07-28 15:11:54,698 INFO o.a.j.s.SampleResult: sampleresult.default.encoding is set to ISO-8859-1
2020-07-28 15:11:54,698 INFO o.a.j.s.SampleResult: sampleresult.useNanoTime=true
2020-07-28 15:11:54,698 INFO o.a.j.s.SampleResult: sampleresult.nanoThreadSleep=5000
2020-07-28 15:11:54,997 INFO o.a.j.p.h.s.h.LazyLayeredConnectionSocketFactory: Setting up HTTPS TrustAll Socket Factory
2020-07-28 15:11:55,000 INFO o.a.j.u.JsseSSLManager: Using default SSL protocol: TLS
2020-07-28 15:11:55,000 INFO o.a.j.u.JsseSSLManager: SSL session context: per-thread
2020-07-28 15:11:55,125 INFO o.a.j.u.SSLManager: JmeterKeyStore Location:  type JKS
2020-07-28 15:11:55,126 INFO o.a.j.u.SSLManager: KeyStore created OK
2020-07-28 15:11:55,126 WARN o.a.j.u.SSLManager: Keystore file not found, loading empty keystore
2020-07-28 15:11:55,672 INFO o.a.j.t.JMeterThread: Stopping because end time detected by thread: Thread Group 1-1
2020-07-28 15:11:55,673 INFO o.a.j.t.JMeterThread: Thread finished: Thread Group 1-1
2020-07-28 15:11:55,675 INFO o.a.j.e.StandardJMeterEngine: Notifying test listeners of end of test
2020-07-28 15:11:55,675 INFO o.a.j.g.u.JMeterMenuBar: setRunning(false, *local*)
2020-07-28 15:12:05,780 INFO o.a.j.v.ViewResultsFullVisualizer: Add JavaFX to your Java installation if you want to use renderer: org.apache.jmeter.visualizers.RenderInBrowser
2020-07-28 15:12:09,531 INFO o.a.j.e.StandardJMeterEngine: Running the test!
2020-07-28 15:12:09,531 INFO o.a.j.s.SampleEvent: List of sample_variables: []
2020-07-28 15:12:09,537 INFO o.a.j.g.u.JMeterMenuBar: setRunning(true, *local*)
2020-07-28 15:12:09,600 INFO o.a.j.e.StandardJMeterEngine: Starting ThreadGroup: 1 : Thread Group
2020-07-28 15:12:09,600 INFO o.a.j.e.StandardJMeterEngine: Starting 1 threads for group Thread Group.
2020-07-28 15:12:09,600 INFO o.a.j.e.StandardJMeterEngine: Thread will continue on error
2020-07-28 15:12:09,601 INFO o.a.j.t.ThreadGroup: Starting thread group... number=1 threads=1 ramp-up=1 delayedStart=false
2020-07-28 15:12:09,602 INFO o.a.j.t.ThreadGroup: Started thread group number 1
2020-07-28 15:12:09,603 INFO o.a.j.e.StandardJMeterEngine: All thread groups have been started
2020-07-28 15:12:09,603 INFO o.a.j.t.JMeterThread: Thread started: Thread Group 1-1
2020-07-28 15:12:10,668 INFO o.a.j.t.JMeterThread: Stopping because end time detected by thread: Thread Group 1-1
2020-07-28 15:12:10,669 INFO o.a.j.t.JMeterThread: Thread finished: Thread Group 1-1
2020-07-28 15:12:10,669 INFO o.a.j.e.StandardJMeterEngine: Notifying test listeners of end of test
2020-07-28 15:12:10,670 INFO o.a.j.g.u.JMeterMenuBar: setRunning(false, *local*)
2020-07-28 15:13:21,855 INFO o.a.j.e.StandardJMeterEngine: Running the test!
2020-07-28 15:13:21,856 INFO o.a.j.s.SampleEvent: List of sample_variables: []
2020-07-28 15:13:21,858 INFO o.a.j.g.u.JMeterMenuBar: setRunning(true, *local*)
2020-07-28 15:13:21,918 INFO o.a.j.e.StandardJMeterEngine: Starting ThreadGroup: 1 : Thread Group
2020-07-28 15:13:21,918 INFO o.a.j.e.StandardJMeterEngine: Starting 1 threads for group Thread Group.
2020-07-28 15:13:21,918 INFO o.a.j.e.StandardJMeterEngine: Thread will continue on error
2020-07-28 15:13:21,918 INFO o.a.j.t.ThreadGroup: Starting thread group... number=1 threads=1 ramp-up=1 delayedStart=false
2020-07-28 15:13:21,919 INFO o.a.j.t.ThreadGroup: Started thread group number 1
2020-07-28 15:13:21,919 INFO o.a.j.e.StandardJMeterEngine: All thread groups have been started
2020-07-28 15:13:21,919 INFO o.a.j.t.JMeterThread: Thread started: Thread Group 1-1
2020-07-28 15:13:22,976 INFO o.a.j.t.JMeterThread: Stopping because end time detected by thread: Thread Group 1-1
2020-07-28 15:13:22,976 INFO o.a.j.t.JMeterThread: Thread finished: Thread Group 1-1
2020-07-28 15:13:22,977 INFO o.a.j.e.StandardJMeterEngine: Notifying test listeners of end of test
2020-07-28 15:13:22,977 INFO o.a.j.g.u.JMeterMenuBar: setRunning(false, *local*)
